#
# There is insufficient memory for the Java Runtime Environment to continue.
# Native memory allocation (malloc) failed to allocate 1048576 bytes. Error detail: AllocateHeap
# Possible reasons:
#   The system is out of physical RAM or swap space
#   This process is running with CompressedOops enabled, and the Java Heap may be blocking the growth of the native heap
# Possible solutions:
#   Reduce memory load on the system
#   Increase physical memory or swap space
#   Check if swap backing store is full
#   Decrease Java heap size (-Xmx/-Xms)
#   Decrease number of Java threads
#   Decrease Java thread stack sizes (-Xss)
#   Set larger code cache with -XX:ReservedCodeCacheSize=
#   JVM is running with Unscaled Compressed Oops mode in which the Java heap is
#     placed in the first 4GB address space. The Java Heap base address is the
#     maximum limit for the native heap growth. Please use -XX:HeapBaseMinAddress
#     to set the Java Heap base and to place the Java Heap above 4GB virtual address.
# This output file may be truncated or incomplete.
#
#  Out of Memory Error (allocation.cpp:44), pid=11708, tid=115636
#
# JRE version: OpenJDK Runtime Environment Temurin-21.0.9+10 (21.0.9+10) (build 21.0.9+10-LTS)
# Java VM: OpenJDK 64-Bit Server VM Temurin-21.0.9+10 (21.0.9+10-LTS, mixed mode, sharing, tiered, compressed oops, compressed class ptrs, parallel gc, windows-amd64)
# No core dump will be written. Minidumps are not enabled by default on client versions of Windows
#

---------------  S U M M A R Y ------------

Command Line: --add-modules=ALL-SYSTEM --add-opens=java.base/java.util=ALL-UNNAMED --add-opens=java.base/java.lang=ALL-UNNAMED --add-opens=java.base/sun.nio.fs=ALL-UNNAMED -Declipse.application=org.eclipse.jdt.ls.core.id1 -Dosgi.bundles.defaultStartLevel=4 -Declipse.product=org.eclipse.jdt.ls.core.product -Djava.import.generatesMetadataFilesAtProjectRoot=false -DDetectVMInstallationsJob.disabled=true -Dfile.encoding=utf8 -XX:+UseParallelGC -XX:GCTimeRatio=4 -XX:AdaptiveSizePolicyWeight=90 -Dsun.zip.disableMemoryMapping=true -Xmx2G -Xms100m -Xlog:disable -javaagent:c:\Users\kuram\.vscode\extensions\redhat.java-1.49.0-win32-x64\lombok\lombok-1.18.39-4050.jar -XX:+HeapDumpOnOutOfMemoryError -XX:HeapDumpPath=c:\Users\kuram\AppData\Roaming\Code\User\workspaceStorage\37facebdfbe77d1623ed9fe6e6bad1f0\redhat.java -Daether.dependencyCollector.impl=bf c:\Users\kuram\.vscode\extensions\redhat.java-1.49.0-win32-x64\server\plugins\org.eclipse.equinox.launcher_1.7.100.v20251111-0406.jar -configuration c:\Users\kuram\AppData\Roaming\Code\User\globalStorage\redhat.java\1.49.0\config_win -data c:\Users\kuram\AppData\Roaming\Code\User\workspaceStorage\37facebdfbe77d1623ed9fe6e6bad1f0\redhat.java\jdt_ws --pipe=\\.\pipe\lsp-8137eb3ae83e85ec3c3e656603361185-sock

Host: 13th Gen Intel(R) Core(TM) i5-1335U, 12 cores, 15G,  Windows 11 , 64 bit Build 26100 (10.0.26100.6725)
Time: Sat Nov 22 16:09:41 2025 India Standard Time elapsed time: 75646.246936 seconds (0d 21h 0m 46s)

---------------  T H R E A D  ---------------

Current thread (0x00000239946d5580):  JavaThread "Attach Listener" daemon [_thread_in_vm, id=115636, stack(0x0000004d95000000,0x0000004d95100000) (1024K)]

Stack: [0x0000004d95000000,0x0000004d95100000]
Native frames: (J=compiled Java code, j=interpreted, Vv=VM code, C=native code)
V  [jvm.dll+0x6d6e29]
V  [jvm.dll+0x8b4b76]
V  [jvm.dll+0x8b712e]
V  [jvm.dll+0x8b7813]
V  [jvm.dll+0x283d86]
V  [jvm.dll+0xc1277]
V  [jvm.dll+0x6d76d9]
V  [jvm.dll+0x133466]
V  [jvm.dll+0x3f7ea6]
V  [jvm.dll+0x85e9ad]
V  [jvm.dll+0x6d565d]
C  [ucrtbase.dll+0x37b0]
C  [KERNEL32.DLL+0x2e8d7]
C  [ntdll.dll+0x8c53c]


---------------  P R O C E S S  ---------------

Threads class SMR info:
_java_thread_list=0x00000239ee6d6a80, length=61, elements={
0x0000023992314350, 0x00000239946c93e0, 0x00000239946cab00, 0x00000239946cf490,
0x00000239946d5580, 0x00000239946d6250, 0x00000239946d2120, 0x00000239946d2f50,
0x00000239ed4b4580, 0x00000239ed5a5cf0, 0x00000239ed77a2c0, 0x00000239eeb98790,
0x00000239eeb9bc10, 0x00000239eeb9b580, 0x00000239eeb98e20, 0x00000239ed47db30,
0x00000239ed47a020, 0x00000239ed47ba60, 0x00000239ed47b3d0, 0x00000239ed47a6b0,
0x00000239ed47eee0, 0x00000239ed480290, 0x00000239ed47f570, 0x00000239ed47d4a0,
0x00000239ed480fb0, 0x00000239ed481640, 0x00000239ed47e1c0, 0x00000239eeb99b40,
0x00000239eeb9a1d0, 0x00000239eeb9aef0, 0x00000239eeb9a860, 0x00000239f3bddf60,
0x00000239f3bde5f0, 0x00000239f3bdec80, 0x00000239f3bdf9a0, 0x00000239f3bdf310,
0x00000239f4e38400, 0x00000239f4e38a90, 0x00000239f3ab0120, 0x00000239f3ab0e40,
0x00000239f3ab35a0, 0x00000239f3ab3c30, 0x00000239f3ab42c0, 0x0000023981108b10,
0x0000023981106a40, 0x00000239f5d8eec0, 0x00000239f4e37d70, 0x00000239811035c0,
0x0000023981103c50, 0x0000023981101b80, 0x0000023981105000, 0x0000023981105690,
0x0000023981102210, 0x0000023981107df0, 0x00000239811063b0, 0x00000239811070d0,
0x0000023981108480, 0x0000023981104970, 0x00000239811028a0, 0x00000239811091a0,
0x00000239f5d8cdf0
}

Java Threads: ( => current thread )
  0x0000023992314350 JavaThread "main"                              [_thread_blocked, id=109412, stack(0x0000004d94900000,0x0000004d94a00000) (1024K)]
  0x00000239946c93e0 JavaThread "Reference Handler"          daemon [_thread_blocked, id=100528, stack(0x0000004d94d00000,0x0000004d94e00000) (1024K)]
  0x00000239946cab00 JavaThread "Finalizer"                  daemon [_thread_blocked, id=15636, stack(0x0000004d94e00000,0x0000004d94f00000) (1024K)]
  0x00000239946cf490 JavaThread "Signal Dispatcher"          daemon [_thread_blocked, id=84000, stack(0x0000004d94f00000,0x0000004d95000000) (1024K)]
=>0x00000239946d5580 JavaThread "Attach Listener"            daemon [_thread_in_vm, id=115636, stack(0x0000004d95000000,0x0000004d95100000) (1024K)]
  0x00000239946d6250 JavaThread "Service Thread"             daemon [_thread_blocked, id=115988, stack(0x0000004d95100000,0x0000004d95200000) (1024K)]
  0x00000239946d2120 JavaThread "Monitor Deflation Thread"   daemon [_thread_blocked, id=15804, stack(0x0000004d95200000,0x0000004d95300000) (1024K)]
  0x00000239946d2f50 JavaThread "C2 CompilerThread0"         daemon [_thread_blocked, id=108692, stack(0x0000004d95300000,0x0000004d95400000) (1024K)]
  0x00000239ed4b4580 JavaThread "C1 CompilerThread0"         daemon [_thread_blocked, id=120724, stack(0x0000004d95400000,0x0000004d95500000) (1024K)]
  0x00000239ed5a5cf0 JavaThread "Common-Cleaner"             daemon [_thread_blocked, id=94592, stack(0x0000004d95500000,0x0000004d95600000) (1024K)]
  0x00000239ed77a2c0 JavaThread "Notification Thread"        daemon [_thread_blocked, id=135544, stack(0x0000004d95600000,0x0000004d95700000) (1024K)]
  0x00000239eeb98790 JavaThread "Active Thread: Equinox Container: f563807b-690f-4fdd-8eb9-b9dbec3bf817"        [_thread_blocked, id=117952, stack(0x0000004d96200000,0x0000004d96300000) (1024K)]
  0x00000239eeb9bc10 JavaThread "Framework Event Dispatcher: Equinox Container: f563807b-690f-4fdd-8eb9-b9dbec3bf817" daemon [_thread_blocked, id=119024, stack(0x0000004d94700000,0x0000004d94800000) (1024K)]
  0x00000239eeb9b580 JavaThread "Start Level: Equinox Container: f563807b-690f-4fdd-8eb9-b9dbec3bf817" daemon [_thread_blocked, id=135540, stack(0x0000004d94800000,0x0000004d94900000) (1024K)]
  0x00000239eeb98e20 JavaThread "Refresh Thread: Equinox Container: f563807b-690f-4fdd-8eb9-b9dbec3bf817" daemon [_thread_blocked, id=126064, stack(0x0000004d95d00000,0x0000004d95e00000) (1024K)]
  0x00000239ed47db30 JavaThread "Bundle File Closer"         daemon [_thread_blocked, id=123180, stack(0x0000004d96e00000,0x0000004d96f00000) (1024K)]
  0x00000239ed47a020 JavaThread "SCR Component Actor"        daemon [_thread_blocked, id=104416, stack(0x0000004d96100000,0x0000004d96200000) (1024K)]
  0x00000239ed47ba60 JavaThread "Worker-JM"                         [_thread_blocked, id=33128, stack(0x0000004d96400000,0x0000004d96500000) (1024K)]
  0x00000239ed47b3d0 JavaThread "JNA Cleaner"                daemon [_thread_blocked, id=118004, stack(0x0000004d96500000,0x0000004d96600000) (1024K)]
  0x00000239ed47a6b0 JavaThread "Java indexing"              daemon [_thread_blocked, id=122308, stack(0x0000004d96900000,0x0000004d96a00000) (1024K)]
  0x00000239ed47eee0 JavaThread "Thread-1"                   daemon [_thread_in_native, id=62832, stack(0x0000004d97000000,0x0000004d97100000) (1024K)]
  0x00000239ed480290 JavaThread "Thread-2"                   daemon [_thread_in_native, id=125324, stack(0x0000004d97100000,0x0000004d97200000) (1024K)]
  0x00000239ed47f570 JavaThread "Thread-3"                   daemon [_thread_in_native, id=110896, stack(0x0000004d97200000,0x0000004d97300000) (1024K)]
  0x00000239ed47d4a0 JavaThread "Thread-4"                   daemon [_thread_in_native, id=109864, stack(0x0000004d97300000,0x0000004d97400000) (1024K)]
  0x00000239ed480fb0 JavaThread "Thread-5"                   daemon [_thread_in_native, id=102852, stack(0x0000004d97400000,0x0000004d97500000) (1024K)]
  0x00000239ed481640 JavaThread "Thread-6"                   daemon [_thread_in_native, id=106492, stack(0x0000004d97500000,0x0000004d97600000) (1024K)]
  0x00000239ed47e1c0 JavaThread "Thread-7"                   daemon [_thread_in_native, id=122244, stack(0x0000004d97600000,0x0000004d97700000) (1024K)]
  0x00000239eeb99b40 JavaThread "Thread-8"                   daemon [_thread_in_native, id=126684, stack(0x0000004d97700000,0x0000004d97800000) (1024K)]
  0x00000239eeb9a1d0 JavaThread "Thread-9"                   daemon [_thread_in_native, id=138764, stack(0x0000004d97800000,0x0000004d97900000) (1024K)]
  0x00000239eeb9aef0 JavaThread "Thread-10"                  daemon [_thread_in_native, id=136356, stack(0x0000004d97900000,0x0000004d97a00000) (1024K)]
  0x00000239eeb9a860 JavaThread "Thread-11"                  daemon [_thread_in_native, id=6852, stack(0x0000004d97a00000,0x0000004d97b00000) (1024K)]
  0x00000239f3bddf60 JavaThread "Thread-12"                  daemon [_thread_in_native, id=90108, stack(0x0000004d97b00000,0x0000004d97c00000) (1024K)]
  0x00000239f3bde5f0 JavaThread "Thread-13"                  daemon [_thread_in_native, id=76932, stack(0x0000004d97c00000,0x0000004d97d00000) (1024K)]
  0x00000239f3bdec80 JavaThread "pool-2-thread-1"                   [_thread_blocked, id=44696, stack(0x0000004d97d00000,0x0000004d97e00000) (1024K)]
  0x00000239f3bdf9a0 JavaThread "WorkspaceEventsHandler"            [_thread_blocked, id=138568, stack(0x0000004d97f00000,0x0000004d98000000) (1024K)]
  0x00000239f3bdf310 JavaThread "pool-1-thread-1"                   [_thread_blocked, id=117720, stack(0x0000004d98000000,0x0000004d98100000) (1024K)]
  0x00000239f4e38400 JavaThread "pool-3-thread-1"                   [_thread_blocked, id=127668, stack(0x0000004d98300000,0x0000004d98400000) (1024K)]
  0x00000239f4e38a90 JavaThread "Cleaner-0"                  daemon [_thread_blocked, id=138340, stack(0x0000004d96000000,0x0000004d96100000) (1024K)]
  0x00000239f3ab0120 JavaThread "ForkJoinPool.commonPool-worker-139" daemon [_thread_blocked, id=117980, stack(0x0000004d96300000,0x0000004d96400000) (1024K)]
  0x00000239f3ab0e40 JavaThread "ForkJoinPool.commonPool-worker-140" daemon [_thread_blocked, id=135832, stack(0x0000004d96600000,0x0000004d96700000) (1024K)]
  0x00000239f3ab35a0 JavaThread "ForkJoinPool.commonPool-worker-142" daemon [_thread_blocked, id=101724, stack(0x0000004d96b00000,0x0000004d96c00000) (1024K)]
  0x00000239f3ab3c30 JavaThread "ForkJoinPool.commonPool-worker-143" daemon [_thread_blocked, id=114432, stack(0x0000004d96c00000,0x0000004d96d00000) (1024K)]
  0x00000239f3ab42c0 JavaThread "ForkJoinPool.commonPool-worker-145" daemon [_thread_blocked, id=134612, stack(0x0000004d96f00000,0x0000004d97000000) (1024K)]
  0x0000023981108b10 JavaThread "ForkJoinPool.commonPool-worker-149" daemon [_thread_blocked, id=113564, stack(0x0000004d98a00000,0x0000004d98b00000) (1024K)]
  0x0000023981106a40 JavaThread "ForkJoinPool.commonPool-worker-148" daemon [_thread_blocked, id=98344, stack(0x0000004d98b00000,0x0000004d98c00000) (1024K)]
  0x00000239f5d8eec0 JavaThread "Worker-63"                         [_thread_blocked, id=110092, stack(0x0000004d98200000,0x0000004d98300000) (1024K)]
  0x00000239f4e37d70 JavaThread "Worker-64"                         [_thread_blocked, id=133260, stack(0x0000004d99300000,0x0000004d99400000) (1024K)]
  0x00000239811035c0 JavaThread "ForkJoinPool.commonPool-worker-150" daemon [_thread_blocked, id=116384, stack(0x0000004d96700000,0x0000004d96800000) (1024K)]
  0x0000023981103c50 JavaThread "ForkJoinPool.commonPool-worker-152" daemon [_thread_blocked, id=121420, stack(0x0000004d96800000,0x0000004d96900000) (1024K)]
  0x0000023981101b80 JavaThread "ForkJoinPool.commonPool-worker-153" daemon [_thread_blocked, id=102844, stack(0x0000004d96a00000,0x0000004d96b00000) (1024K)]
  0x0000023981105000 JavaThread "ForkJoinPool.commonPool-worker-151" daemon [_thread_blocked, id=95396, stack(0x0000004d96d00000,0x0000004d96e00000) (1024K)]
  0x0000023981105690 JavaThread "Worker-66"                         [_thread_blocked, id=107600, stack(0x0000004d97e00000,0x0000004d97f00000) (1024K)]
  0x0000023981102210 JavaThread "Worker-67"                         [_thread_blocked, id=125988, stack(0x0000004d98500000,0x0000004d98600000) (1024K)]
  0x0000023981107df0 JavaThread "Worker-68"                         [_thread_blocked, id=112348, stack(0x0000004d98600000,0x0000004d98700000) (1024K)]
  0x00000239811063b0 JavaThread "Compiler Source File Reader" daemon [_thread_blocked, id=16908, stack(0x0000004d98700000,0x0000004d98800000) (1024K)]
  0x00000239811070d0 JavaThread "Compiler Processing Task"   daemon [_thread_blocked, id=112692, stack(0x0000004d98800000,0x0000004d98900000) (1024K)]
  0x0000023981108480 JavaThread "Compiler Source File Reader" daemon [_thread_blocked, id=133372, stack(0x0000004d98900000,0x0000004d98a00000) (1024K)]
  0x0000023981104970 JavaThread "Compiler Source File Reader" daemon [_thread_blocked, id=132792, stack(0x0000004d98100000,0x0000004d98200000) (1024K)]
  0x00000239811028a0 JavaThread "Compiler Source File Reader" daemon [_thread_blocked, id=107976, stack(0x0000004d98400000,0x0000004d98500000) (1024K)]
  0x00000239811091a0 JavaThread "Compiler Source File Reader" daemon [_thread_blocked, id=109460, stack(0x0000004d98c00000,0x0000004d98d00000) (1024K)]
  0x00000239f5d8cdf0 JavaThread "Compiler Source File Reader" daemon [_thread_blocked, id=83268, stack(0x0000004d98d00000,0x0000004d98e00000) (1024K)]
Total: 61

Other Threads:
  0x00000239947d2630 VMThread "VM Thread"                           [id=136684, stack(0x0000004d94c00000,0x0000004d94d00000) (1024K)]
  0x00000239945bca00 WatcherThread "VM Periodic Task Thread"        [id=133972, stack(0x0000004d94b00000,0x0000004d94c00000) (1024K)]
  0x0000023994756cc0 WorkerThread "GC Thread#0"                     [id=115076, stack(0x0000004d94a00000,0x0000004d94b00000) (1024K)]
  0x00000239ee8c2ab0 WorkerThread "GC Thread#1"                     [id=72540, stack(0x0000004d95700000,0x0000004d95800000) (1024K)]
  0x00000239ee8c44d0 WorkerThread "GC Thread#2"                     [id=18544, stack(0x0000004d95800000,0x0000004d95900000) (1024K)]
  0x00000239ee4cac70 WorkerThread "GC Thread#3"                     [id=77636, stack(0x0000004d95900000,0x0000004d95a00000) (1024K)]
  0x00000239ee4cb010 WorkerThread "GC Thread#4"                     [id=101916, stack(0x0000004d95a00000,0x0000004d95b00000) (1024K)]
  0x00000239ee4cb3b0 WorkerThread "GC Thread#5"                     [id=108572, stack(0x0000004d95b00000,0x0000004d95c00000) (1024K)]
  0x00000239ee4cb750 WorkerThread "GC Thread#6"                     [id=112472, stack(0x0000004d95c00000,0x0000004d95d00000) (1024K)]
  0x00000239922ecaf0 WorkerThread "GC Thread#7"                     [id=137764, stack(0x0000004d94600000,0x0000004d94700000) (1024K)]
  0x00000239eebcb580 WorkerThread "GC Thread#8"                     [id=111636, stack(0x0000004d95e00000,0x0000004d95f00000) (1024K)]
  0x00000239eebcb920 WorkerThread "GC Thread#9"                     [id=108104, stack(0x0000004d95f00000,0x0000004d96000000) (1024K)]
Total: 12

Threads with active compile tasks:
Total: 0

VM state: not at safepoint (normal execution)

VM Mutex/Monitor currently owned by a thread: None

Heap address: 0x0000000080000000, size: 2048 MB, Compressed Oops mode: 32-bit

CDS archive(s) mapped at: [0x00000239ab000000-0x00000239abba0000-0x00000239abba0000), size 12189696, SharedBaseAddress: 0x00000239ab000000, ArchiveRelocationMode: 1.
Compressed class space mapped at: 0x00000239ac000000-0x00000239ec000000, reserved size: 1073741824
Narrow klass base: 0x00000239ab000000, Narrow klass shift: 0, Narrow klass range: 0x100000000

GC Precious Log:
 CardTable entry size: 512
 CPUs: 12 total, 12 available
 Memory: 16027M
 Large Page Support: Disabled
 NUMA Support: Disabled
 Compressed Oops: Enabled (32-bit)
 Alignments: Space 512K, Generation 512K, Heap 2M
 Heap Min Capacity: 100M
 Heap Initial Capacity: 100M
 Heap Max Capacity: 2G
 Pre-touch: Disabled
 Parallel Workers: 10

Heap:
 PSYoungGen      total 10240K, used 7135K [0x00000000d5580000, 0x00000000d6180000, 0x0000000100000000)
  eden space 8704K, 65% used [0x00000000d5580000,0x00000000d5b17918,0x00000000d5e00000)
  from space 1536K, 91% used [0x00000000d5f00000,0x00000000d60606e0,0x00000000d6080000)
  to   space 1024K, 0% used [0x00000000d6080000,0x00000000d6080000,0x00000000d6180000)
 ParOldGen       total 1200128K, used 1199797K [0x0000000080000000, 0x00000000c9400000, 0x00000000d5580000)
  object space 1200128K, 99% used [0x0000000080000000,0x00000000c93ad448,0x00000000c9400000)
 Metaspace       used 91042K, committed 92544K, reserved 1179648K
  class space    used 8856K, committed 9600K, reserved 1048576K

Card table byte_map: [0x00000239940d0000,0x00000239944e0000] _byte_map_base: 0x0000023993cd0000

Marking Bits: (ParMarkBitMap*) 0x00007ffb69162460
 Begin Bits: [0x00000239a6be0000, 0x00000239a8be0000)
 End Bits:   [0x00000239a8be0000, 0x00000239aabe0000)

Polling page: 0x0000023992550000

Metaspace:

Usage:
  Non-class:     80.26 MB used.
      Class:      8.65 MB used.
       Both:     88.91 MB used.

Virtual space:
  Non-class space:      128.00 MB reserved,      81.00 MB ( 63%) committed,  2 nodes.
      Class space:        1.00 GB reserved,       9.38 MB ( <1%) committed,  1 nodes.
             Both:        1.12 GB reserved,      90.38 MB (  8%) committed. 

Chunk freelists:
   Non-Class:  14.35 MB
       Class:  6.53 MB
        Both:  20.88 MB

MaxMetaspaceSize: unlimited
CompressedClassSpaceSize: 1.00 GB
Initial GC threshold: 21.00 MB
Current GC threshold: 150.25 MB
CDS: on
 - commit_granule_bytes: 65536.
 - commit_granule_words: 8192.
 - virtual_space_node_default_size: 8388608.
 - enlarge_chunks_in_place: 1.
 - use_allocation_guard: 0.


Internal statistics:

num_allocs_failed_limit: 9.
num_arena_births: 1960.
num_arena_deaths: 518.
num_vsnodes_births: 3.
num_vsnodes_deaths: 0.
num_space_committed: 1446.
num_space_uncommitted: 0.
num_chunks_returned_to_freelist: 606.
num_chunks_taken_from_freelist: 6765.
num_chunk_merges: 139.
num_chunk_splits: 3798.
num_chunks_enlarged: 1981.
num_inconsistent_stats: 0.

CodeHeap 'non-profiled nmethods': size=120000Kb used=24910Kb max_used=26914Kb free=95089Kb
 bounds [0x000002399f400000, 0x00000239a0e50000, 0x00000239a6930000]
CodeHeap 'profiled nmethods': size=120000Kb used=32465Kb max_used=50118Kb free=87534Kb
 bounds [0x0000023997930000, 0x000002399aa30000, 0x000002399ee60000]
CodeHeap 'non-nmethods': size=5760Kb used=1530Kb max_used=1624Kb free=4229Kb
 bounds [0x000002399ee60000, 0x000002399f0d0000, 0x000002399f400000]
CodeCache: size=245760Kb, used=58905Kb, max_used=78656Kb, free=186852Kb
 total_blobs=15284, nmethods=14439, adapters=744, full_count=0
Compilation: enabled, stopped_count=0, restarted_count=0

Compilation events (20 events):
Event: 75588.360 Thread 0x00000239f59d5c20 29558       4       org.eclipse.jdt.internal.formatter.DefaultCodeFormatterOptions$$Lambda/0x00000239ac8f6b18::accept (9 bytes)
Event: 75588.360 Thread 0x00000239f59d1ed0 nmethod 29555 0x00000239a0040990 code [0x00000239a0040b20, 0x00000239a0040bc8]
Event: 75588.360 Thread 0x00000239f59d1ed0 29559       4       org.eclipse.jdt.internal.formatter.DefaultCodeFormatterOptions$$Lambda/0x00000239ac8f6d50::<init> (10 bytes)
Event: 75588.360 Thread 0x00000239f59d1ed0 nmethod 29559 0x00000239a0063810 code [0x00000239a00639a0, 0x00000239a0063a40]
Event: 75588.360 Thread 0x00000239f59d1ed0 29560       4       org.eclipse.jdt.internal.formatter.DefaultCodeFormatterOptions$$Lambda/0x00000239ac8f6d50::accept (9 bytes)
Event: 75588.361 Thread 0x00000239f59d1ed0 nmethod 29560 0x00000239a00f2190 code [0x00000239a00f2320, 0x00000239a00f23c8]
Event: 75588.361 Thread 0x00000239f59d1ed0 29561       4       org.eclipse.jdt.internal.formatter.DefaultCodeFormatterOptions$$Lambda/0x00000239ac8f6f88::<init> (10 bytes)
Event: 75588.362 Thread 0x00000239f59d1ed0 nmethod 29561 0x00000239a00f8b90 code [0x00000239a00f8d20, 0x00000239a00f8dc0]
Event: 75588.362 Thread 0x00000239f59d1ed0 29562       4       org.eclipse.jdt.internal.formatter.DefaultCodeFormatterOptions$$Lambda/0x00000239ac8f6f88::accept (9 bytes)
Event: 75588.362 Thread 0x00000239f59d5c20 nmethod 29558 0x00000239a0122a90 code [0x00000239a0122c20, 0x00000239a0122cc8]
Event: 75588.363 Thread 0x00000239f59d1ed0 nmethod 29562 0x00000239a012ed90 code [0x00000239a012ef20, 0x00000239a012efc8]
Event: 75588.365 Thread 0x00000239946d2f50 nmethod 29551 0x000002399fb6f790 code [0x000002399fb6fa80, 0x000002399fb70490]
Event: 75589.300 Thread 0x00000239f59d5c20 29563       4       org.eclipse.jdt.internal.codeassist.impl.AssistParser::popElement (170 bytes)
Event: 75589.303 Thread 0x00000239f59d5c20 nmethod 29563 0x000002399ff06610 code [0x000002399ff067e0, 0x000002399ff06d50]
Event: 75589.310 Thread 0x00000239ed4b4580 29564       3       org.eclipse.jdt.internal.codeassist.impl.AssistParser::parseBlockStatements (36 bytes)
Event: 75589.310 Thread 0x00000239ed4b4580 nmethod 29564 0x00000239989bd690 code [0x00000239989bd880, 0x00000239989bdf60]
Event: 75589.310 Thread 0x00000239ed4b4580 29565   !   3       org.eclipse.jdt.internal.codeassist.impl.AssistParser::parseBlockStatements (268 bytes)
Event: 75589.311 Thread 0x00000239ed4b4580 nmethod 29565 0x0000023997e3b990 code [0x0000023997e3bc40, 0x0000023997e3ce50]
Event: 75589.882 Thread 0x00000239946d2f50 29566   !   4       org.eclipse.jdt.ls.core.internal.handlers.InlayHintVisitor::resolveParameterInlayHints (273 bytes)
Event: 75589.991 Thread 0x00000239946d2f50 nmethod 29566 0x00000239a0a39690 code [0x00000239a0a39f60, 0x00000239a0a40ce8]

GC Heap History (20 events):
Event: 75587.223 GC heap before
{Heap before GC invocations=6973 (full 10):
 PSYoungGen      total 9216K, used 8388K [0x00000000d5580000, 0x00000000d6080000, 0x0000000100000000)
  eden space 7680K, 100% used [0x00000000d5580000,0x00000000d5d00000,0x00000000d5d00000)
  from space 1536K, 46% used [0x00000000d5d00000,0x00000000d5db1210,0x00000000d5e80000)
  to   space 1024K, 0% used [0x00000000d5f80000,0x00000000d5f80000,0x00000000d6080000)
 ParOldGen       total 1190912K, used 1190772K [0x0000000080000000, 0x00000000c8b00000, 0x00000000d5580000)
  object space 1190912K, 99% used [0x0000000080000000,0x00000000c8add058,0x00000000c8b00000)
 Metaspace       used 91040K, committed 92544K, reserved 1179648K
  class space    used 8856K, committed 9600K, reserved 1048576K
}
Event: 75587.227 GC heap after
{Heap after GC invocations=6973 (full 10):
 PSYoungGen      total 9216K, used 1012K [0x00000000d5580000, 0x00000000d6280000, 0x0000000100000000)
  eden space 8192K, 0% used [0x00000000d5580000,0x00000000d5580000,0x00000000d5d80000)
  from space 1024K, 98% used [0x00000000d5f80000,0x00000000d607d200,0x00000000d6080000)
  to   space 2048K, 0% used [0x00000000d5d80000,0x00000000d5d80000,0x00000000d5f80000)
 ParOldGen       total 1191424K, used 1191392K [0x0000000080000000, 0x00000000c8b80000, 0x00000000d5580000)
  object space 1191424K, 99% used [0x0000000080000000,0x00000000c8b78298,0x00000000c8b80000)
 Metaspace       used 91040K, committed 92544K, reserved 1179648K
  class space    used 8856K, committed 9600K, reserved 1048576K
}
Event: 75587.240 GC heap before
{Heap before GC invocations=6974 (full 10):
 PSYoungGen      total 9216K, used 9204K [0x00000000d5580000, 0x00000000d6280000, 0x0000000100000000)
  eden space 8192K, 100% used [0x00000000d5580000,0x00000000d5d80000,0x00000000d5d80000)
  from space 1024K, 98% used [0x00000000d5f80000,0x00000000d607d200,0x00000000d6080000)
  to   space 2048K, 0% used [0x00000000d5d80000,0x00000000d5d80000,0x00000000d5f80000)
 ParOldGen       total 1191424K, used 1191392K [0x0000000080000000, 0x00000000c8b80000, 0x00000000d5580000)
  object space 1191424K, 99% used [0x0000000080000000,0x00000000c8b78298,0x00000000c8b80000)
 Metaspace       used 91040K, committed 92544K, reserved 1179648K
  class space    used 8856K, committed 9600K, reserved 1048576K
}
Event: 75587.245 GC heap after
{Heap after GC invocations=6974 (full 10):
 PSYoungGen      total 10240K, used 1306K [0x00000000d5580000, 0x00000000d6280000, 0x0000000100000000)
  eden space 8192K, 0% used [0x00000000d5580000,0x00000000d5580000,0x00000000d5d80000)
  from space 2048K, 63% used [0x00000000d5d80000,0x00000000d5ec6900,0x00000000d5f80000)
  to   space 1536K, 0% used [0x00000000d6100000,0x00000000d6100000,0x00000000d6280000)
 ParOldGen       total 1192448K, used 1192322K [0x0000000080000000, 0x00000000c8c80000, 0x00000000d5580000)
  object space 1192448K, 99% used [0x0000000080000000,0x00000000c8c60970,0x00000000c8c80000)
 Metaspace       used 91040K, committed 92544K, reserved 1179648K
  class space    used 8856K, committed 9600K, reserved 1048576K
}
Event: 75587.255 GC heap before
{Heap before GC invocations=6975 (full 10):
 PSYoungGen      total 10240K, used 9498K [0x00000000d5580000, 0x00000000d6280000, 0x0000000100000000)
  eden space 8192K, 100% used [0x00000000d5580000,0x00000000d5d80000,0x00000000d5d80000)
  from space 2048K, 63% used [0x00000000d5d80000,0x00000000d5ec6900,0x00000000d5f80000)
  to   space 1536K, 0% used [0x00000000d6100000,0x00000000d6100000,0x00000000d6280000)
 ParOldGen       total 1192448K, used 1192322K [0x0000000080000000, 0x00000000c8c80000, 0x00000000d5580000)
  object space 1192448K, 99% used [0x0000000080000000,0x00000000c8c60970,0x00000000c8c80000)
 Metaspace       used 91040K, committed 92544K, reserved 1179648K
  class space    used 8856K, committed 9600K, reserved 1048576K
}
Event: 75587.258 GC heap after
{Heap after GC invocations=6975 (full 10):
 PSYoungGen      total 11776K, used 992K [0x00000000d5580000, 0x00000000d6280000, 0x0000000100000000)
  eden space 10240K, 0% used [0x00000000d5580000,0x00000000d5580000,0x00000000d5f80000)
  from space 1536K, 64% used [0x00000000d6100000,0x00000000d61f8000,0x00000000d6280000)
  to   space 1536K, 0% used [0x00000000d5f80000,0x00000000d5f80000,0x00000000d6100000)
 ParOldGen       total 1193984K, used 1193493K [0x0000000080000000, 0x00000000c8e00000, 0x00000000d5580000)
  object space 1193984K, 99% used [0x0000000080000000,0x00000000c8d857e8,0x00000000c8e00000)
 Metaspace       used 91040K, committed 92544K, reserved 1179648K
  class space    used 8856K, committed 9600K, reserved 1048576K
}
Event: 75588.248 GC heap before
{Heap before GC invocations=6976 (full 10):
 PSYoungGen      total 11776K, used 11232K [0x00000000d5580000, 0x00000000d6280000, 0x0000000100000000)
  eden space 10240K, 100% used [0x00000000d5580000,0x00000000d5f80000,0x00000000d5f80000)
  from space 1536K, 64% used [0x00000000d6100000,0x00000000d61f8000,0x00000000d6280000)
  to   space 1536K, 0% used [0x00000000d5f80000,0x00000000d5f80000,0x00000000d6100000)
 ParOldGen       total 1193984K, used 1193493K [0x0000000080000000, 0x00000000c8e00000, 0x00000000d5580000)
  object space 1193984K, 99% used [0x0000000080000000,0x00000000c8d857e8,0x00000000c8e00000)
 Metaspace       used 91040K, committed 92544K, reserved 1179648K
  class space    used 8856K, committed 9600K, reserved 1048576K
}
Event: 75588.253 GC heap after
{Heap after GC invocations=6976 (full 10):
 PSYoungGen      total 11776K, used 1348K [0x00000000d5580000, 0x00000000d6280000, 0x0000000100000000)
  eden space 10240K, 0% used [0x00000000d5580000,0x00000000d5580000,0x00000000d5f80000)
  from space 1536K, 87% used [0x00000000d5f80000,0x00000000d60d1210,0x00000000d6100000)
  to   space 1536K, 0% used [0x00000000d6100000,0x00000000d6100000,0x00000000d6280000)
 ParOldGen       total 1194496K, used 1194310K [0x0000000080000000, 0x00000000c8e80000, 0x00000000d5580000)
  object space 1194496K, 99% used [0x0000000080000000,0x00000000c8e51888,0x00000000c8e80000)
 Metaspace       used 91040K, committed 92544K, reserved 1179648K
  class space    used 8856K, committed 9600K, reserved 1048576K
}
Event: 75588.263 GC heap before
{Heap before GC invocations=6977 (full 10):
 PSYoungGen      total 11776K, used 11588K [0x00000000d5580000, 0x00000000d6280000, 0x0000000100000000)
  eden space 10240K, 100% used [0x00000000d5580000,0x00000000d5f80000,0x00000000d5f80000)
  from space 1536K, 87% used [0x00000000d5f80000,0x00000000d60d1210,0x00000000d6100000)
  to   space 1536K, 0% used [0x00000000d6100000,0x00000000d6100000,0x00000000d6280000)
 ParOldGen       total 1194496K, used 1194310K [0x0000000080000000, 0x00000000c8e80000, 0x00000000d5580000)
  object space 1194496K, 99% used [0x0000000080000000,0x00000000c8e51888,0x00000000c8e80000)
 Metaspace       used 91040K, committed 92544K, reserved 1179648K
  class space    used 8856K, committed 9600K, reserved 1048576K
}
Event: 75588.265 GC heap after
{Heap after GC invocations=6977 (full 10):
 PSYoungGen      total 10240K, used 1508K [0x00000000d5580000, 0x00000000d6580000, 0x0000000100000000)
  eden space 8704K, 0% used [0x00000000d5580000,0x00000000d5580000,0x00000000d5e00000)
  from space 1536K, 98% used [0x00000000d6100000,0x00000000d6279210,0x00000000d6280000)
  to   space 3072K, 0% used [0x00000000d5e00000,0x00000000d5e00000,0x00000000d6100000)
 ParOldGen       total 1195520K, used 1195505K [0x0000000080000000, 0x00000000c8f80000, 0x00000000d5580000)
  object space 1195520K, 99% used [0x0000000080000000,0x00000000c8f7c700,0x00000000c8f80000)
 Metaspace       used 91040K, committed 92544K, reserved 1179648K
  class space    used 8856K, committed 9600K, reserved 1048576K
}
Event: 75588.276 GC heap before
{Heap before GC invocations=6978 (full 10):
 PSYoungGen      total 10240K, used 10212K [0x00000000d5580000, 0x00000000d6580000, 0x0000000100000000)
  eden space 8704K, 100% used [0x00000000d5580000,0x00000000d5e00000,0x00000000d5e00000)
  from space 1536K, 98% used [0x00000000d6100000,0x00000000d6279210,0x00000000d6280000)
  to   space 3072K, 0% used [0x00000000d5e00000,0x00000000d5e00000,0x00000000d6100000)
 ParOldGen       total 1195520K, used 1195505K [0x0000000080000000, 0x00000000c8f80000, 0x00000000d5580000)
  object space 1195520K, 99% used [0x0000000080000000,0x00000000c8f7c700,0x00000000c8f80000)
 Metaspace       used 91040K, committed 92544K, reserved 1179648K
  class space    used 8856K, committed 9600K, reserved 1048576K
}
Event: 75588.279 GC heap after
{Heap after GC invocations=6978 (full 10):
 PSYoungGen      total 10240K, used 1088K [0x00000000d5580000, 0x00000000d6200000, 0x0000000100000000)
  eden space 8704K, 0% used [0x00000000d5580000,0x00000000d5580000,0x00000000d5e00000)
  from space 1536K, 70% used [0x00000000d5e00000,0x00000000d5f10000,0x00000000d5f80000)
  to   space 2048K, 0% used [0x00000000d6000000,0x00000000d6000000,0x00000000d6200000)
 ParOldGen       total 1197056K, used 1196921K [0x0000000080000000, 0x00000000c9100000, 0x00000000d5580000)
  object space 1197056K, 99% used [0x0000000080000000,0x00000000c90de588,0x00000000c9100000)
 Metaspace       used 91040K, committed 92544K, reserved 1179648K
  class space    used 8856K, committed 9600K, reserved 1048576K
}
Event: 75589.274 GC heap before
{Heap before GC invocations=6979 (full 10):
 PSYoungGen      total 10240K, used 9792K [0x00000000d5580000, 0x00000000d6200000, 0x0000000100000000)
  eden space 8704K, 100% used [0x00000000d5580000,0x00000000d5e00000,0x00000000d5e00000)
  from space 1536K, 70% used [0x00000000d5e00000,0x00000000d5f10000,0x00000000d5f80000)
  to   space 2048K, 0% used [0x00000000d6000000,0x00000000d6000000,0x00000000d6200000)
 ParOldGen       total 1197056K, used 1196921K [0x0000000080000000, 0x00000000c9100000, 0x00000000d5580000)
  object space 1197056K, 99% used [0x0000000080000000,0x00000000c90de588,0x00000000c9100000)
 Metaspace       used 91040K, committed 92544K, reserved 1179648K
  class space    used 8856K, committed 9600K, reserved 1048576K
}
Event: 75589.278 GC heap after
{Heap after GC invocations=6979 (full 10):
 PSYoungGen      total 9728K, used 884K [0x00000000d5580000, 0x00000000d6100000, 0x0000000100000000)
  eden space 8704K, 0% used [0x00000000d5580000,0x00000000d5580000,0x00000000d5e00000)
  from space 1024K, 86% used [0x00000000d6000000,0x00000000d60dd200,0x00000000d6100000)
  to   space 1536K, 0% used [0x00000000d5e00000,0x00000000d5e00000,0x00000000d5f80000)
 ParOldGen       total 1198080K, used 1197823K [0x0000000080000000, 0x00000000c9200000, 0x00000000d5580000)
  object space 1198080K, 99% used [0x0000000080000000,0x00000000c91bfd68,0x00000000c9200000)
 Metaspace       used 91040K, committed 92544K, reserved 1179648K
  class space    used 8856K, committed 9600K, reserved 1048576K
}
Event: 75589.290 GC heap before
{Heap before GC invocations=6980 (full 10):
 PSYoungGen      total 9728K, used 9588K [0x00000000d5580000, 0x00000000d6100000, 0x0000000100000000)
  eden space 8704K, 100% used [0x00000000d5580000,0x00000000d5e00000,0x00000000d5e00000)
  from space 1024K, 86% used [0x00000000d6000000,0x00000000d60dd200,0x00000000d6100000)
  to   space 1536K, 0% used [0x00000000d5e00000,0x00000000d5e00000,0x00000000d5f80000)
 ParOldGen       total 1198080K, used 1197823K [0x0000000080000000, 0x00000000c9200000, 0x00000000d5580000)
  object space 1198080K, 99% used [0x0000000080000000,0x00000000c91bfd68,0x00000000c9200000)
 Metaspace       used 91040K, committed 92544K, reserved 1179648K
  class space    used 8856K, committed 9600K, reserved 1048576K
}
Event: 75589.294 GC heap after
{Heap after GC invocations=6980 (full 10):
 PSYoungGen      total 10240K, used 1505K [0x00000000d5580000, 0x00000000d6400000, 0x0000000100000000)
  eden space 8704K, 0% used [0x00000000d5580000,0x00000000d5580000,0x00000000d5e00000)
  from space 1536K, 98% used [0x00000000d5e00000,0x00000000d5f786e0,0x00000000d5f80000)
  to   space 3072K, 0% used [0x00000000d6100000,0x00000000d6100000,0x00000000d6400000)
 ParOldGen       total 1199104K, used 1198645K [0x0000000080000000, 0x00000000c9300000, 0x00000000d5580000)
  object space 1199104K, 99% used [0x0000000080000000,0x00000000c928d440,0x00000000c9300000)
 Metaspace       used 91040K, committed 92544K, reserved 1179648K
  class space    used 8856K, committed 9600K, reserved 1048576K
}
Event: 75589.304 GC heap before
{Heap before GC invocations=6981 (full 10):
 PSYoungGen      total 10240K, used 10209K [0x00000000d5580000, 0x00000000d6400000, 0x0000000100000000)
  eden space 8704K, 100% used [0x00000000d5580000,0x00000000d5e00000,0x00000000d5e00000)
  from space 1536K, 98% used [0x00000000d5e00000,0x00000000d5f786e0,0x00000000d5f80000)
  to   space 3072K, 0% used [0x00000000d6100000,0x00000000d6100000,0x00000000d6400000)
 ParOldGen       total 1199104K, used 1198645K [0x0000000080000000, 0x00000000c9300000, 0x00000000d5580000)
  object space 1199104K, 99% used [0x0000000080000000,0x00000000c928d440,0x00000000c9300000)
 Metaspace       used 91040K, committed 92544K, reserved 1179648K
  class space    used 8856K, committed 9600K, reserved 1048576K
}
Event: 75589.307 GC heap after
{Heap after GC invocations=6981 (full 10):
 PSYoungGen      total 9728K, used 826K [0x00000000d5580000, 0x00000000d6200000, 0x0000000100000000)
  eden space 8704K, 0% used [0x00000000d5580000,0x00000000d5580000,0x00000000d5e00000)
  from space 1024K, 80% used [0x00000000d6100000,0x00000000d61ce900,0x00000000d6200000)
  to   space 1536K, 0% used [0x00000000d5f00000,0x00000000d5f00000,0x00000000d6080000)
 ParOldGen       total 1199104K, used 1199054K [0x0000000080000000, 0x00000000c9300000, 0x00000000d5580000)
  object space 1199104K, 99% used [0x0000000080000000,0x00000000c92f38f8,0x00000000c9300000)
 Metaspace       used 91040K, committed 92544K, reserved 1179648K
  class space    used 8856K, committed 9600K, reserved 1048576K
}
Event: 75589.317 GC heap before
{Heap before GC invocations=6982 (full 10):
 PSYoungGen      total 9728K, used 9530K [0x00000000d5580000, 0x00000000d6200000, 0x0000000100000000)
  eden space 8704K, 100% used [0x00000000d5580000,0x00000000d5e00000,0x00000000d5e00000)
  from space 1024K, 80% used [0x00000000d6100000,0x00000000d61ce900,0x00000000d6200000)
  to   space 1536K, 0% used [0x00000000d5f00000,0x00000000d5f00000,0x00000000d6080000)
 ParOldGen       total 1199104K, used 1199054K [0x0000000080000000, 0x00000000c9300000, 0x00000000d5580000)
  object space 1199104K, 99% used [0x0000000080000000,0x00000000c92f38f8,0x00000000c9300000)
 Metaspace       used 91042K, committed 92544K, reserved 1179648K
  class space    used 8856K, committed 9600K, reserved 1048576K
}
Event: 75589.321 GC heap after
{Heap after GC invocations=6982 (full 10):
 PSYoungGen      total 10240K, used 1409K [0x00000000d5580000, 0x00000000d6180000, 0x0000000100000000)
  eden space 8704K, 0% used [0x00000000d5580000,0x00000000d5580000,0x00000000d5e00000)
  from space 1536K, 91% used [0x00000000d5f00000,0x00000000d60606e0,0x00000000d6080000)
  to   space 1024K, 0% used [0x00000000d6080000,0x00000000d6080000,0x00000000d6180000)
 ParOldGen       total 1200128K, used 1199797K [0x0000000080000000, 0x00000000c9400000, 0x00000000d5580000)
  object space 1200128K, 99% used [0x0000000080000000,0x00000000c93ad448,0x00000000c9400000)
 Metaspace       used 91042K, committed 92544K, reserved 1179648K
  class space    used 8856K, committed 9600K, reserved 1048576K
}

Dll operation events (12 events):
Event: 0.091 Loaded shared library c:\Users\kuram\.vscode\extensions\redhat.java-1.49.0-win32-x64\jre\21.0.9-win32-x86_64\bin\java.dll
Event: 0.575 Loaded shared library c:\Users\kuram\.vscode\extensions\redhat.java-1.49.0-win32-x64\jre\21.0.9-win32-x86_64\bin\zip.dll
Event: 0.761 Loaded shared library C:\Users\kuram\.vscode\extensions\redhat.java-1.49.0-win32-x64\jre\21.0.9-win32-x86_64\bin\instrument.dll
Event: 0.788 Loaded shared library C:\Users\kuram\.vscode\extensions\redhat.java-1.49.0-win32-x64\jre\21.0.9-win32-x86_64\bin\net.dll
Event: 0.807 Loaded shared library C:\Users\kuram\.vscode\extensions\redhat.java-1.49.0-win32-x64\jre\21.0.9-win32-x86_64\bin\nio.dll
Event: 0.837 Loaded shared library C:\Users\kuram\.vscode\extensions\redhat.java-1.49.0-win32-x64\jre\21.0.9-win32-x86_64\bin\zip.dll
Event: 0.998 Loaded shared library C:\Users\kuram\.vscode\extensions\redhat.java-1.49.0-win32-x64\jre\21.0.9-win32-x86_64\bin\jimage.dll
Event: 7.197 Loaded shared library c:\Users\kuram\.vscode\extensions\redhat.java-1.49.0-win32-x64\jre\21.0.9-win32-x86_64\bin\verify.dll
Event: 69.371 Loaded shared library C:\Users\kuram\AppData\Roaming\Code\User\globalStorage\redhat.java\1.49.0\config_win\org.eclipse.equinox.launcher\org.eclipse.equinox.launcher.win32.win32.x86_64_1.2.1400.v20250801-0854\eclipse_11916.dll
Event: 112.248 Loaded shared library C:\Users\kuram\AppData\Local\Temp\jna-102414964\jna2826334507089017213.dll
Event: 122.293 Loaded shared library C:\Users\kuram\.vscode\extensions\redhat.java-1.49.0-win32-x64\jre\21.0.9-win32-x86_64\bin\sunmscapi.dll
Event: 122.955 Loaded shared library C:\Users\kuram\.vscode\extensions\redhat.java-1.49.0-win32-x64\jre\21.0.9-win32-x86_64\bin\extnet.dll

Deoptimization events (20 events):
Event: 75589.281 Thread 0x00000239f3ab35a0 Uncommon trap: trap_request=0xffffff45 fr.pc=0x00000239a084dff4 relative=0x0000000000000394
Event: 75589.281 Thread 0x00000239f3ab35a0 Uncommon trap: reason=unstable_if action=reinterpret pc=0x00000239a084dff4 method=org.eclipse.jdt.internal.compiler.lookup.Scope.getBaseType([C)Lorg/eclipse/jdt/internal/compiler/lookup/TypeBinding; @ 119 c2
Event: 75589.281 Thread 0x00000239f3ab35a0 DEOPT PACKING pc=0x00000239a084dff4 sp=0x0000004d96bfe7e0
Event: 75589.281 Thread 0x00000239f3ab35a0 DEOPT UNPACKING pc=0x000002399eeb3aa2 sp=0x0000004d96bfe768 mode 2
Event: 75589.281 Thread 0x00000239f3ab35a0 Uncommon trap: trap_request=0xffffff45 fr.pc=0x000002399fd062c4 relative=0x0000000000000ee4
Event: 75589.281 Thread 0x00000239f3ab35a0 Uncommon trap: reason=unstable_if action=reinterpret pc=0x000002399fd062c4 method=org.eclipse.jdt.internal.compiler.lookup.SourceTypeBinding.getMethods([C)[Lorg/eclipse/jdt/internal/compiler/lookup/MethodBinding; @ 112 c2
Event: 75589.281 Thread 0x00000239f3ab35a0 DEOPT PACKING pc=0x000002399fd062c4 sp=0x0000004d96bfe730
Event: 75589.281 Thread 0x00000239f3ab35a0 DEOPT UNPACKING pc=0x000002399eeb3aa2 sp=0x0000004d96bfe6d8 mode 2
Event: 75589.281 Thread 0x00000239f3ab35a0 Uncommon trap: trap_request=0xffffffc6 fr.pc=0x00000239a0d3c63c relative=0x000000000000217c
Event: 75589.281 Thread 0x00000239f3ab35a0 Uncommon trap: reason=bimorphic_or_optimized_type_check action=maybe_recompile pc=0x00000239a0d3c63c method=org.eclipse.jdt.internal.compiler.ast.MessageSend.resolveType(Lorg/eclipse/jdt/internal/compiler/lookup/BlockScope;)Lorg/eclipse/jdt/internal/compi
Event: 75589.281 Thread 0x00000239f3ab35a0 DEOPT PACKING pc=0x00000239a0d3c63c sp=0x0000004d96bfe850
Event: 75589.281 Thread 0x00000239f3ab35a0 DEOPT UNPACKING pc=0x000002399eeb3aa2 sp=0x0000004d96bfe7d0 mode 2
Event: 75589.310 Thread 0x00000239f3ab35a0 Uncommon trap: trap_request=0xffffffc6 fr.pc=0x00000239a0a73de4 relative=0x0000000000000964
Event: 75589.310 Thread 0x00000239f3ab35a0 Uncommon trap: reason=bimorphic_or_optimized_type_check action=maybe_recompile pc=0x00000239a0a73de4 method=org.eclipse.jdt.internal.compiler.parser.Parser.moveRecoveryCheckpoint()Z @ 80 c2
Event: 75589.310 Thread 0x00000239f3ab35a0 DEOPT PACKING pc=0x00000239a0a73de4 sp=0x0000004d96bfe990
Event: 75589.310 Thread 0x00000239f3ab35a0 DEOPT UNPACKING pc=0x000002399eeb3aa2 sp=0x0000004d96bfe938 mode 2
Event: 75589.310 Thread 0x00000239f3ab35a0 Uncommon trap: trap_request=0xffffffc6 fr.pc=0x00000239a0d3c63c relative=0x000000000000217c
Event: 75589.310 Thread 0x00000239f3ab35a0 Uncommon trap: reason=bimorphic_or_optimized_type_check action=maybe_recompile pc=0x00000239a0d3c63c method=org.eclipse.jdt.internal.compiler.ast.MessageSend.resolveType(Lorg/eclipse/jdt/internal/compiler/lookup/BlockScope;)Lorg/eclipse/jdt/internal/compi
Event: 75589.310 Thread 0x00000239f3ab35a0 DEOPT PACKING pc=0x00000239a0d3c63c sp=0x0000004d96bfe8e0
Event: 75589.310 Thread 0x00000239f3ab35a0 DEOPT UNPACKING pc=0x000002399eeb3aa2 sp=0x0000004d96bfe860 mode 2

Classes loaded (20 events):
Event: 1328.228 Loading class java/util/stream/ReduceOps$CountingSink$OfRef
Event: 1328.229 Loading class java/util/stream/ReduceOps$CountingSink
Event: 1328.229 Loading class java/util/stream/ReduceOps$CountingSink done
Event: 1328.229 Loading class java/util/stream/ReduceOps$CountingSink$OfRef done
Event: 1328.411 Loading class java/util/concurrent/ArrayBlockingQueue
Event: 1328.412 Loading class java/util/concurrent/ArrayBlockingQueue done
Event: 43492.522 Loading class java/lang/StringLatin1$CharsSpliterator
Event: 43492.523 Loading class java/lang/StringLatin1$CharsSpliterator done
Event: 43492.951 Loading class java/util/Collections$EmptyListIterator
Event: 43492.952 Loading class java/util/Collections$EmptyListIterator done
Event: 44014.246 Loading class java/util/Spliterators$IntArraySpliterator
Event: 44014.247 Loading class java/util/Spliterators$IntArraySpliterator done
Event: 44070.065 Loading class java/nio/channels/CompletionHandler
Event: 44070.077 Loading class java/nio/channels/CompletionHandler done
Event: 44610.637 Loading class java/lang/Throwable$WrappedPrintWriter
Event: 44610.638 Loading class java/lang/Throwable$PrintStreamOrWriter
Event: 44610.638 Loading class java/lang/Throwable$PrintStreamOrWriter done
Event: 44610.638 Loading class java/lang/Throwable$WrappedPrintWriter done
Event: 44715.994 Loading class java/lang/StringLatin1$LinesSpliterator
Event: 44715.995 Loading class java/lang/StringLatin1$LinesSpliterator done

Classes unloaded (20 events):
Event: 73644.589 Thread 0x00000239947d2630 Unloading class 0x00000239ac191c00 'java/lang/invoke/LambdaForm$MH+0x00000239ac191c00'
Event: 73644.589 Thread 0x00000239947d2630 Unloading class 0x00000239ac1b3800 'java/lang/invoke/LambdaForm$MH+0x00000239ac1b3800'
Event: 73644.589 Thread 0x00000239947d2630 Unloading class 0x00000239ac20d800 'java/lang/invoke/LambdaForm$MH+0x00000239ac20d800'
Event: 73644.589 Thread 0x00000239947d2630 Unloading class 0x00000239ac222800 'java/lang/invoke/LambdaForm$MH+0x00000239ac222800'
Event: 73644.589 Thread 0x00000239947d2630 Unloading class 0x00000239ac235800 'java/lang/invoke/LambdaForm$MH+0x00000239ac235800'
Event: 73644.589 Thread 0x00000239947d2630 Unloading class 0x00000239ac23c400 'java/lang/invoke/LambdaForm$MH+0x00000239ac23c400'
Event: 73644.589 Thread 0x00000239947d2630 Unloading class 0x00000239ac23fc00 'java/lang/invoke/LambdaForm$MH+0x00000239ac23fc00'
Event: 73644.589 Thread 0x00000239947d2630 Unloading class 0x00000239ac240400 'java/lang/invoke/LambdaForm$BMH+0x00000239ac240400'
Event: 73644.589 Thread 0x00000239947d2630 Unloading class 0x00000239ac082400 'java/lang/invoke/LambdaForm$MH+0x00000239ac082400'
Event: 73644.589 Thread 0x00000239947d2630 Unloading class 0x00000239ac790400 'java/lang/invoke/LambdaForm$DMH+0x00000239ac790400'
Event: 73644.589 Thread 0x00000239947d2630 Unloading class 0x00000239ac874400 'java/lang/invoke/LambdaForm$MH+0x00000239ac874400'
Event: 73644.589 Thread 0x00000239947d2630 Unloading class 0x00000239ac909800 'java/lang/invoke/LambdaForm$MH+0x00000239ac909800'
Event: 73644.589 Thread 0x00000239947d2630 Unloading class 0x00000239ac8f4000 'java/lang/invoke/LambdaForm$MH+0x00000239ac8f4000'
Event: 73644.589 Thread 0x00000239947d2630 Unloading class 0x00000239ac775800 'java/lang/invoke/LambdaForm$MH+0x00000239ac775800'
Event: 73644.589 Thread 0x00000239947d2630 Unloading class 0x00000239ac774c00 'java/lang/invoke/LambdaForm$MH+0x00000239ac774c00'
Event: 73644.589 Thread 0x00000239947d2630 Unloading class 0x00000239ac774400 'java/lang/invoke/LambdaForm$DMH+0x00000239ac774400'
Event: 73644.589 Thread 0x00000239947d2630 Unloading class 0x00000239ac1b3000 'java/lang/invoke/LambdaForm$MH+0x00000239ac1b3000'
Event: 73644.589 Thread 0x00000239947d2630 Unloading class 0x00000239ac20c000 'jdk/internal/reflect/GeneratedSerializationConstructorAccessor9'
Event: 73644.589 Thread 0x00000239947d2630 Unloading class 0x00000239ac20c800 'jdk/internal/reflect/GeneratedSerializationConstructorAccessor8'
Event: 73644.589 Thread 0x00000239947d2630 Unloading class 0x00000239ac20e400 'jdk/internal/reflect/GeneratedSerializationConstructorAccessor7'

Classes redefined (0 events):
No events

Internal exceptions (20 events):
Event: 75234.665 Thread 0x00000239ed47a6b0 Exception <a 'sun/nio/fs/WindowsException'{0x00000000d58a3440}> (0x00000000d58a3440) 
thrown [s\src\hotspot\share\prims\jni.cpp, line 520]
Event: 75234.857 Thread 0x00000239ed47a6b0 Exception <a 'sun/nio/fs/WindowsException'{0x00000000d5c57a90}> (0x00000000d5c57a90) 
thrown [s\src\hotspot\share\prims\jni.cpp, line 520]
Event: 75256.678 Thread 0x00000239ed47a6b0 Exception <a 'sun/nio/fs/WindowsException'{0x00000000d57d12f0}> (0x00000000d57d12f0) 
thrown [s\src\hotspot\share\prims\jni.cpp, line 520]
Event: 75256.838 Thread 0x00000239ed47a6b0 Exception <a 'sun/nio/fs/WindowsException'{0x00000000d58765d0}> (0x00000000d58765d0) 
thrown [s\src\hotspot\share\prims\jni.cpp, line 520]
Event: 75258.475 Thread 0x00000239ed47a6b0 Exception <a 'sun/nio/fs/WindowsException'{0x00000000d5df7500}> (0x00000000d5df7500) 
thrown [s\src\hotspot\share\prims\jni.cpp, line 520]
Event: 75258.642 Thread 0x00000239ed47a6b0 Exception <a 'sun/nio/fs/WindowsException'{0x00000000d55a41a0}> (0x00000000d55a41a0) 
thrown [s\src\hotspot\share\prims\jni.cpp, line 520]
Event: 75263.845 Thread 0x00000239ed47a6b0 Exception <a 'sun/nio/fs/WindowsException'{0x00000000d562c2f0}> (0x00000000d562c2f0) 
thrown [s\src\hotspot\share\prims\jni.cpp, line 520]
Event: 75264.051 Thread 0x00000239ed47a6b0 Exception <a 'sun/nio/fs/WindowsException'{0x00000000d56c7b30}> (0x00000000d56c7b30) 
thrown [s\src\hotspot\share\prims\jni.cpp, line 520]
Event: 75277.007 Thread 0x00000239ed47a6b0 Exception <a 'sun/nio/fs/WindowsException'{0x00000000d57fa660}> (0x00000000d57fa660) 
thrown [s\src\hotspot\share\prims\jni.cpp, line 520]
Event: 75277.176 Thread 0x00000239ed47a6b0 Exception <a 'sun/nio/fs/WindowsException'{0x00000000d59b8890}> (0x00000000d59b8890) 
thrown [s\src\hotspot\share\prims\jni.cpp, line 520]
Event: 75278.671 Thread 0x00000239ed47a6b0 Exception <a 'sun/nio/fs/WindowsException'{0x00000000d588bed8}> (0x00000000d588bed8) 
thrown [s\src\hotspot\share\prims\jni.cpp, line 520]
Event: 75278.829 Thread 0x00000239ed47a6b0 Exception <a 'sun/nio/fs/WindowsException'{0x00000000d5c10080}> (0x00000000d5c10080) 
thrown [s\src\hotspot\share\prims\jni.cpp, line 520]
Event: 75326.276 Thread 0x00000239811035c0 Exception <a 'sun/nio/fs/WindowsException'{0x00000000d5790298}> (0x00000000d5790298) 
thrown [s\src\hotspot\share\prims\jni.cpp, line 520]
Event: 75326.277 Thread 0x00000239811035c0 Exception <a 'sun/nio/fs/WindowsException'{0x00000000d57910f0}> (0x00000000d57910f0) 
thrown [s\src\hotspot\share\prims\jni.cpp, line 520]
Event: 75576.499 Thread 0x00000239ed47a6b0 Exception <a 'sun/nio/fs/WindowsException'{0x00000000d580f628}> (0x00000000d580f628) 
thrown [s\src\hotspot\share\prims\jni.cpp, line 520]
Event: 75576.732 Thread 0x00000239ed47a6b0 Exception <a 'sun/nio/fs/WindowsException'{0x00000000d5a73c88}> (0x00000000d5a73c88) 
thrown [s\src\hotspot\share\prims\jni.cpp, line 520]
Event: 75580.199 Thread 0x00000239ed47a6b0 Exception <a 'sun/nio/fs/WindowsException'{0x00000000d5981bd8}> (0x00000000d5981bd8) 
thrown [s\src\hotspot\share\prims\jni.cpp, line 520]
Event: 75580.450 Thread 0x00000239ed47a6b0 Exception <a 'sun/nio/fs/WindowsException'{0x00000000d5707350}> (0x00000000d5707350) 
thrown [s\src\hotspot\share\prims\jni.cpp, line 520]
Event: 75586.633 Thread 0x00000239ed47a6b0 Exception <a 'sun/nio/fs/WindowsException'{0x00000000d5a80490}> (0x00000000d5a80490) 
thrown [s\src\hotspot\share\prims\jni.cpp, line 520]
Event: 75586.849 Thread 0x00000239ed47a6b0 Exception <a 'sun/nio/fs/WindowsException'{0x00000000d56efe28}> (0x00000000d56efe28) 
thrown [s\src\hotspot\share\prims\jni.cpp, line 520]

ZGC Phase Switch (0 events):
No events

VM Operations (20 events):
Event: 75587.240 Executing VM operation: ParallelGCFailedAllocation (Allocation Failure)
Event: 75587.245 Executing VM operation: ParallelGCFailedAllocation (Allocation Failure) done
Event: 75587.255 Executing VM operation: ParallelGCFailedAllocation (Allocation Failure)
Event: 75587.258 Executing VM operation: ParallelGCFailedAllocation (Allocation Failure) done
Event: 75588.248 Executing VM operation: ParallelGCFailedAllocation (Allocation Failure)
Event: 75588.253 Executing VM operation: ParallelGCFailedAllocation (Allocation Failure) done
Event: 75588.263 Executing VM operation: ParallelGCFailedAllocation (Allocation Failure)
Event: 75588.265 Executing VM operation: ParallelGCFailedAllocation (Allocation Failure) done
Event: 75588.276 Executing VM operation: ParallelGCFailedAllocation (Allocation Failure)
Event: 75588.279 Executing VM operation: ParallelGCFailedAllocation (Allocation Failure) done
Event: 75589.274 Executing VM operation: ParallelGCFailedAllocation (Allocation Failure)
Event: 75589.278 Executing VM operation: ParallelGCFailedAllocation (Allocation Failure) done
Event: 75589.290 Executing VM operation: ParallelGCFailedAllocation (Allocation Failure)
Event: 75589.294 Executing VM operation: ParallelGCFailedAllocation (Allocation Failure) done
Event: 75589.304 Executing VM operation: ParallelGCFailedAllocation (Allocation Failure)
Event: 75589.307 Executing VM operation: ParallelGCFailedAllocation (Allocation Failure) done
Event: 75589.317 Executing VM operation: ParallelGCFailedAllocation (Allocation Failure)
Event: 75589.321 Executing VM operation: ParallelGCFailedAllocation (Allocation Failure) done
Event: 75591.317 Executing VM operation: Cleanup
Event: 75591.317 Executing VM operation: Cleanup done

Memory protections (0 events):
No events

Nmethod flushes (20 events):
Event: 75166.904 Thread 0x00000239947d2630 flushing  nmethod 0x000002399a914490
Event: 75166.904 Thread 0x00000239947d2630 flushing  nmethod 0x000002399a91a490
Event: 75166.904 Thread 0x00000239947d2630 flushing  nmethod 0x000002399a923010
Event: 75166.904 Thread 0x00000239947d2630 flushing  nmethod 0x000002399a929790
Event: 75166.904 Thread 0x00000239947d2630 flushing  nmethod 0x000002399a92d990
Event: 75166.904 Thread 0x00000239947d2630 flushing  nmethod 0x000002399a969c90
Event: 75166.904 Thread 0x00000239947d2630 flushing  nmethod 0x000002399a96b710
Event: 75166.904 Thread 0x00000239947d2630 flushing  nmethod 0x000002399a96bb10
Event: 75166.904 Thread 0x00000239947d2630 flushing  nmethod 0x000002399a972b90
Event: 75166.904 Thread 0x00000239947d2630 flushing  nmethod 0x000002399a9a9990
Event: 75166.904 Thread 0x00000239947d2630 flushing  nmethod 0x000002399a9aa790
Event: 75166.904 Thread 0x00000239947d2630 flushing  nmethod 0x000002399a9b4790
Event: 75166.904 Thread 0x00000239947d2630 flushing  nmethod 0x000002399a9c4790
Event: 75166.904 Thread 0x00000239947d2630 flushing  nmethod 0x000002399a9d3f10
Event: 75166.904 Thread 0x00000239947d2630 flushing  nmethod 0x000002399a9eb690
Event: 75166.904 Thread 0x00000239947d2630 flushing  nmethod 0x000002399a9eba90
Event: 75166.904 Thread 0x00000239947d2630 flushing  nmethod 0x000002399a9ef890
Event: 75166.904 Thread 0x00000239947d2630 flushing  nmethod 0x000002399a9ffe10
Event: 75166.904 Thread 0x00000239947d2630 flushing  nmethod 0x000002399aa0a590
Event: 75166.904 Thread 0x00000239947d2630 flushing  nmethod 0x000002399aa1d610

Events (20 events):
Event: 75570.310 Thread 0x00000239f3ab42c0 Thread added: 0x0000023981101b80
Event: 75570.311 Thread 0x0000023981108b10 Thread added: 0x0000023981105000
Event: 75575.332 Thread 0x00000239f4e37d70 Thread added: 0x0000023981105690
Event: 75576.433 Thread 0x00000239f4e37d70 Thread added: 0x0000023981102210
Event: 75576.441 Thread 0x0000023981105690 Thread added: 0x0000023981107df0
Event: 75576.560 Thread 0x00000239f4e37d70 Thread added: 0x00000239811063b0
Event: 75576.571 Thread 0x00000239f4e37d70 Thread added: 0x00000239811070d0
Event: 75576.595 Thread 0x00000239f4e37d70 Thread added: 0x0000023981108480
Event: 75577.085 Thread 0x00000239f5d8ad20 Thread exited: 0x00000239f5d8ad20
Event: 75577.112 Thread 0x00000239f5d8f550 Thread exited: 0x00000239f5d8f550
Event: 75578.749 Thread 0x00000239811028a0 Thread exited: 0x00000239811028a0
Event: 75578.767 Thread 0x0000023981104970 Thread exited: 0x0000023981104970
Event: 75580.277 Thread 0x0000023981102210 Thread added: 0x0000023981104970
Event: 75580.315 Thread 0x0000023981102210 Thread added: 0x00000239811028a0
Event: 75586.721 Thread 0x0000023981102210 Thread added: 0x00000239811091a0
Event: 75586.752 Thread 0x0000023981102210 Thread added: 0x00000239f5d8cdf0
Event: 75588.356 Thread 0x00000239946d2f50 Thread added: 0x00000239f59d1ed0
Event: 75588.356 Thread 0x00000239946d2f50 Thread added: 0x00000239f59d5c20
Event: 75589.882 Thread 0x00000239f59d5c20 Thread exited: 0x00000239f59d5c20
Event: 75589.882 Thread 0x00000239f59d1ed0 Thread exited: 0x00000239f59d1ed0


Dynamic libraries:
0x00007ff6496f0000 - 0x00007ff6496fe000 	c:\Users\kuram\.vscode\extensions\redhat.java-1.49.0-win32-x64\jre\21.0.9-win32-x86_64\bin\java.exe
0x00007ffc6e7a0000 - 0x00007ffc6ea08000 	C:\WINDOWS\SYSTEM32\ntdll.dll
0x00007ffc6db20000 - 0x00007ffc6dbe9000 	C:\WINDOWS\System32\KERNEL32.DLL
0x00007ffc6b930000 - 0x00007ffc6bd22000 	C:\WINDOWS\System32\KERNELBASE.dll
0x00007ffc68510000 - 0x00007ffc685af000 	C:\WINDOWS\SYSTEM32\apphelp.dll
0x00007ffc6bd30000 - 0x00007ffc6be7b000 	C:\WINDOWS\System32\ucrtbase.dll
0x00007ffc53ac0000 - 0x00007ffc53ad8000 	c:\Users\kuram\.vscode\extensions\redhat.java-1.49.0-win32-x64\jre\21.0.9-win32-x86_64\bin\jli.dll
0x00007ffc55100000 - 0x00007ffc5511e000 	c:\Users\kuram\.vscode\extensions\redhat.java-1.49.0-win32-x64\jre\21.0.9-win32-x86_64\bin\VCRUNTIME140.dll
0x00007ffc6e340000 - 0x00007ffc6e505000 	C:\WINDOWS\System32\USER32.dll
0x00007ffc53cf0000 - 0x00007ffc53f83000 	C:\WINDOWS\WinSxS\amd64_microsoft.windows.common-controls_6595b64144ccf1df_6.0.26100.6899_none_3e0efeeae32e88c1\COMCTL32.dll
0x00007ffc6c540000 - 0x00007ffc6c567000 	C:\WINDOWS\System32\win32u.dll
0x00007ffc6d820000 - 0x00007ffc6d8c9000 	C:\WINDOWS\System32\msvcrt.dll
0x00007ffc6d910000 - 0x00007ffc6d93b000 	C:\WINDOWS\System32\GDI32.dll
0x00007ffc6c000000 - 0x00007ffc6c12d000 	C:\WINDOWS\System32\gdi32full.dll
0x00007ffc6c330000 - 0x00007ffc6c3d3000 	C:\WINDOWS\System32\msvcp_win.dll
0x00007ffc6d8d0000 - 0x00007ffc6d8ff000 	C:\WINDOWS\System32\IMM32.DLL
0x00007ffc60790000 - 0x00007ffc6079c000 	c:\Users\kuram\.vscode\extensions\redhat.java-1.49.0-win32-x64\jre\21.0.9-win32-x86_64\bin\vcruntime140_1.dll
0x00007ffc3ac00000 - 0x00007ffc3ac8d000 	c:\Users\kuram\.vscode\extensions\redhat.java-1.49.0-win32-x64\jre\21.0.9-win32-x86_64\bin\msvcp140.dll
0x00007ffb684a0000 - 0x00007ffb69240000 	c:\Users\kuram\.vscode\extensions\redhat.java-1.49.0-win32-x64\jre\21.0.9-win32-x86_64\bin\server\jvm.dll
0x00007ffc6cb20000 - 0x00007ffc6cbd4000 	C:\WINDOWS\System32\ADVAPI32.dll
0x00007ffc6d170000 - 0x00007ffc6d216000 	C:\WINDOWS\System32\sechost.dll
0x00007ffc6da00000 - 0x00007ffc6db18000 	C:\WINDOWS\System32\RPCRT4.dll
0x00007ffc6c810000 - 0x00007ffc6c884000 	C:\WINDOWS\System32\WS2_32.dll
0x00007ffc6b790000 - 0x00007ffc6b7ee000 	C:\WINDOWS\SYSTEM32\POWRPROF.dll
0x00007ffc60c70000 - 0x00007ffc60ca5000 	C:\WINDOWS\SYSTEM32\WINMM.dll
0x00007ffc5f480000 - 0x00007ffc5f48b000 	C:\WINDOWS\SYSTEM32\VERSION.dll
0x00007ffc6b770000 - 0x00007ffc6b784000 	C:\WINDOWS\SYSTEM32\UMPDC.dll
0x00007ffc6a700000 - 0x00007ffc6a71b000 	C:\WINDOWS\SYSTEM32\kernel.appcore.dll
0x00007ffc5fa80000 - 0x00007ffc5fa8a000 	c:\Users\kuram\.vscode\extensions\redhat.java-1.49.0-win32-x64\jre\21.0.9-win32-x86_64\bin\jimage.dll
0x00007ffc68bd0000 - 0x00007ffc68e12000 	C:\WINDOWS\SYSTEM32\DBGHELP.DLL
0x00007ffc6cde0000 - 0x00007ffc6d15b000 	C:\WINDOWS\System32\combase.dll
0x00007ffc6d740000 - 0x00007ffc6d817000 	C:\WINDOWS\System32\OLEAUT32.dll
0x00007ffc518c0000 - 0x00007ffc518fc000 	C:\WINDOWS\SYSTEM32\dbgcore.DLL
0x00007ffc6c3e0000 - 0x00007ffc6c478000 	C:\WINDOWS\System32\bcryptPrimitives.dll
0x00007ffc64000000 - 0x00007ffc6400f000 	c:\Users\kuram\.vscode\extensions\redhat.java-1.49.0-win32-x64\jre\21.0.9-win32-x86_64\bin\instrument.dll
0x00007ffc4fa00000 - 0x00007ffc4fa20000 	c:\Users\kuram\.vscode\extensions\redhat.java-1.49.0-win32-x64\jre\21.0.9-win32-x86_64\bin\java.dll
0x00007ffc6dbf0000 - 0x00007ffc6e33d000 	C:\WINDOWS\System32\SHELL32.dll
0x00007ffc6c1c0000 - 0x00007ffc6c32b000 	C:\WINDOWS\System32\wintypes.dll
0x00007ffc69560000 - 0x00007ffc69dbd000 	C:\WINDOWS\SYSTEM32\windows.storage.dll
0x00007ffc6c710000 - 0x00007ffc6c802000 	C:\WINDOWS\System32\SHCORE.dll
0x00007ffc6e5c0000 - 0x00007ffc6e622000 	C:\WINDOWS\System32\shlwapi.dll
0x00007ffc6b850000 - 0x00007ffc6b879000 	C:\WINDOWS\SYSTEM32\profapi.dll
0x00007ffc3b600000 - 0x00007ffc3b618000 	c:\Users\kuram\.vscode\extensions\redhat.java-1.49.0-win32-x64\jre\21.0.9-win32-x86_64\bin\zip.dll
0x00007ffc5a810000 - 0x00007ffc5a820000 	C:\Users\kuram\.vscode\extensions\redhat.java-1.49.0-win32-x64\jre\21.0.9-win32-x86_64\bin\net.dll
0x00007ffc62430000 - 0x00007ffc6254f000 	C:\WINDOWS\SYSTEM32\WINHTTP.dll
0x00007ffc6ac70000 - 0x00007ffc6acdb000 	C:\WINDOWS\system32\mswsock.dll
0x00007ffc3b490000 - 0x00007ffc3b4a6000 	C:\Users\kuram\.vscode\extensions\redhat.java-1.49.0-win32-x64\jre\21.0.9-win32-x86_64\bin\nio.dll
0x00007ffc41440000 - 0x00007ffc41450000 	c:\Users\kuram\.vscode\extensions\redhat.java-1.49.0-win32-x64\jre\21.0.9-win32-x86_64\bin\verify.dll
0x00007ffc1d7e0000 - 0x00007ffc1d824000 	C:\Users\kuram\AppData\Roaming\Code\User\globalStorage\redhat.java\1.49.0\config_win\org.eclipse.equinox.launcher\org.eclipse.equinox.launcher.win32.win32.x86_64_1.2.1400.v20250801-0854\eclipse_11916.dll
0x00007ffc6c570000 - 0x00007ffc6c708000 	C:\WINDOWS\System32\ole32.dll
0x00007ffc6af20000 - 0x00007ffc6af3b000 	C:\WINDOWS\SYSTEM32\CRYPTSP.dll
0x00007ffc6a660000 - 0x00007ffc6a69b000 	C:\WINDOWS\system32\rsaenh.dll
0x00007ffc6ad10000 - 0x00007ffc6ad3b000 	C:\WINDOWS\SYSTEM32\USERENV.dll
0x00007ffc6b820000 - 0x00007ffc6b846000 	C:\WINDOWS\SYSTEM32\bcrypt.dll
0x00007ffc6af40000 - 0x00007ffc6af4c000 	C:\WINDOWS\SYSTEM32\CRYPTBASE.dll
0x00007ffc6a250000 - 0x00007ffc6a284000 	C:\WINDOWS\SYSTEM32\IPHLPAPI.DLL
0x00007ffc6c930000 - 0x00007ffc6c93a000 	C:\WINDOWS\System32\NSI.dll
0x00007ffc20a30000 - 0x00007ffc20a79000 	C:\Users\kuram\AppData\Local\Temp\jna-102414964\jna2826334507089017213.dll
0x00007ffc6d160000 - 0x00007ffc6d168000 	C:\WINDOWS\System32\PSAPI.DLL
0x00007ffc62600000 - 0x00007ffc6261e000 	C:\WINDOWS\SYSTEM32\dhcpcsvc6.DLL
0x00007ffc62560000 - 0x00007ffc62583000 	C:\WINDOWS\SYSTEM32\dhcpcsvc.DLL
0x00007ffc413d0000 - 0x00007ffc413de000 	C:\Users\kuram\.vscode\extensions\redhat.java-1.49.0-win32-x64\jre\21.0.9-win32-x86_64\bin\sunmscapi.dll
0x00007ffc6be80000 - 0x00007ffc6bff7000 	C:\WINDOWS\System32\CRYPT32.dll
0x00007ffc6b140000 - 0x00007ffc6b170000 	C:\WINDOWS\SYSTEM32\ncrypt.dll
0x00007ffc6b0f0000 - 0x00007ffc6b12f000 	C:\WINDOWS\SYSTEM32\NTASN1.dll
0x00007ffc6a290000 - 0x00007ffc6a3b6000 	C:\WINDOWS\SYSTEM32\DNSAPI.dll
0x00007ffc60cb0000 - 0x00007ffc60cbb000 	C:\Windows\System32\rasadhlp.dll
0x00007ffc62b80000 - 0x00007ffc62c06000 	C:\WINDOWS\System32\fwpuclnt.dll
0x00007ffc41340000 - 0x00007ffc41349000 	C:\Users\kuram\.vscode\extensions\redhat.java-1.49.0-win32-x64\jre\21.0.9-win32-x86_64\bin\extnet.dll

JVMTI agents:
c:\Users\kuram\.vscode\extensions\redhat.java-1.49.0-win32-x64\lombok\lombok-1.18.39-4050.jar path:c:\Users\kuram\.vscode\extensions\redhat.java-1.49.0-win32-x64\jre\21.0.9-win32-x86_64\bin\instrument.dll, loaded, initialized, instrumentlib options:none

dbghelp: loaded successfully - version: 4.0.5 - missing functions: none
symbol engine: initialized successfully - sym options: 0x614 - pdb path: .;c:\Users\kuram\.vscode\extensions\redhat.java-1.49.0-win32-x64\jre\21.0.9-win32-x86_64\bin;C:\WINDOWS\SYSTEM32;C:\WINDOWS\WinSxS\amd64_microsoft.windows.common-controls_6595b64144ccf1df_6.0.26100.6899_none_3e0efeeae32e88c1;c:\Users\kuram\.vscode\extensions\redhat.java-1.49.0-win32-x64\jre\21.0.9-win32-x86_64\bin\server;C:\Users\kuram\AppData\Roaming\Code\User\globalStorage\redhat.java\1.49.0\config_win\org.eclipse.equinox.launcher\org.eclipse.equinox.launcher.win32.win32.x86_64_1.2.1400.v20250801-0854;C:\Users\kuram\AppData\Local\Temp\jna-102414964

VM Arguments:
jvm_args: --add-modules=ALL-SYSTEM --add-opens=java.base/java.util=ALL-UNNAMED --add-opens=java.base/java.lang=ALL-UNNAMED --add-opens=java.base/sun.nio.fs=ALL-UNNAMED -Declipse.application=org.eclipse.jdt.ls.core.id1 -Dosgi.bundles.defaultStartLevel=4 -Declipse.product=org.eclipse.jdt.ls.core.product -Djava.import.generatesMetadataFilesAtProjectRoot=false -DDetectVMInstallationsJob.disabled=true -Dfile.encoding=utf8 -XX:+UseParallelGC -XX:GCTimeRatio=4 -XX:AdaptiveSizePolicyWeight=90 -Dsun.zip.disableMemoryMapping=true -Xmx2G -Xms100m -Xlog:disable -javaagent:c:\Users\kuram\.vscode\extensions\redhat.java-1.49.0-win32-x64\lombok\lombok-1.18.39-4050.jar -XX:+HeapDumpOnOutOfMemoryError -XX:HeapDumpPath=c:\Users\kuram\AppData\Roaming\Code\User\workspaceStorage\37facebdfbe77d1623ed9fe6e6bad1f0\redhat.java -Daether.dependencyCollector.impl=bf 
java_command: c:\Users\kuram\.vscode\extensions\redhat.java-1.49.0-win32-x64\server\plugins\org.eclipse.equinox.launcher_1.7.100.v20251111-0406.jar -configuration c:\Users\kuram\AppData\Roaming\Code\User\globalStorage\redhat.java\1.49.0\config_win -data c:\Users\kuram\AppData\Roaming\Code\User\workspaceStorage\37facebdfbe77d1623ed9fe6e6bad1f0\redhat.java\jdt_ws --pipe=\\.\pipe\lsp-8137eb3ae83e85ec3c3e656603361185-sock
java_class_path (initial): c:\Users\kuram\.vscode\extensions\redhat.java-1.49.0-win32-x64\server\plugins\org.eclipse.equinox.launcher_1.7.100.v20251111-0406.jar
Launcher Type: SUN_STANDARD

[Global flags]
    uintx AdaptiveSizePolicyWeight                 = 90                                        {product} {command line}
     intx CICompilerCount                          = 4                                         {product} {ergonomic}
    uintx GCTimeRatio                              = 4                                         {product} {command line}
     bool HeapDumpOnOutOfMemoryError               = true                                   {manageable} {command line}
    ccstr HeapDumpPath                             = c:\Users\kuram\AppData\Roaming\Code\User\workspaceStorage\37facebdfbe77d1623ed9fe6e6bad1f0\redhat.java         {manageable} {command line}
   size_t InitialHeapSize                          = 104857600                                 {product} {command line}
   size_t MaxHeapSize                              = 2147483648                                {product} {command line}
   size_t MaxNewSize                               = 715653120                                 {product} {ergonomic}
   size_t MinHeapDeltaBytes                        = 524288                                    {product} {ergonomic}
   size_t MinHeapSize                              = 104857600                                 {product} {command line}
   size_t NewSize                                  = 34603008                                  {product} {ergonomic}
    uintx NonNMethodCodeHeapSize                   = 5839372                                {pd product} {ergonomic}
    uintx NonProfiledCodeHeapSize                  = 122909434                              {pd product} {ergonomic}
   size_t OldSize                                  = 70254592                                  {product} {ergonomic}
    uintx ProfiledCodeHeapSize                     = 122909434                              {pd product} {ergonomic}
    uintx ReservedCodeCacheSize                    = 251658240                              {pd product} {ergonomic}
     bool SegmentedCodeCache                       = true                                      {product} {ergonomic}
   size_t SoftMaxHeapSize                          = 2147483648                             {manageable} {ergonomic}
     bool UseCompressedOops                        = true                           {product lp64_product} {ergonomic}
     bool UseLargePagesIndividualAllocation        = false                                  {pd product} {ergonomic}
     bool UseParallelGC                            = true                                      {product} {command line}

Logging:
Log output configuration:
 #0: stdout all=off uptime,level,tags foldmultilines=false
 #1: stderr all=off uptime,level,tags foldmultilines=false

Release file:
JAVA_VERSION="21.0.9" 
MODULES="java.base java.compiler java.datatransfer java.xml java.prefs java.desktop java.instrument java.logging java.management java.security.sasl java.naming java.rmi java.management.rmi java.net.http java.scripting java.security.jgss java.transaction.xa java.sql java.sql.rowset java.xml.crypto java.se java.smartcardio jdk.accessibility jdk.internal.jvmstat jdk.attach jdk.charsets jdk.internal.opt jdk.zipfs jdk.compiler jdk.crypto.ec jdk.crypto.cryptoki jdk.crypto.mscapi jdk.dynalink jdk.internal.ed jdk.editpad jdk.hotspot.agent jdk.httpserver jdk.internal.le jdk.internal.vm.ci jdk.internal.vm.compiler jdk.internal.vm.compiler.management jdk.jartool jdk.javadoc jdk.jcmd jdk.management jdk.management.agent jdk.jconsole jdk.jdeps jdk.jdwp.agent jdk.jdi jdk.jfr jdk.jshell jdk.jsobject jdk.jstatd jdk.localedata jdk.management.jfr jdk.naming.dns jdk.naming.rmi jdk.net jdk.nio.mapmode jdk.random jdk.sctp jdk.security.auth jdk.security.jgss jdk.unsupported jdk.unsupported.desktop jdk.xml.dom" 

Environment Variables:
JAVA_HOME=C:\Program Files\Eclipse Adoptium\jdk-17.0.15.6-hotspot\
PATH=C:\Program Files\Eclipse Adoptium\jdk-17.0.15.6-hotspot\bin;C:\Windows\system32;C:\Windows;C:\Windows\System32\Wbem;C:\Windows\System32\WindowsPowerShell\v1.0\;C:\Windows\System32\OpenSSH\;C:\Program Files\HP\HP One Agent;C:\WINDOWS\system32;C:\WINDOWS;C:\WINDOWS\System32\Wbem;C:\WINDOWS\System32\WindowsPowerShell\v1.0\;C:\WINDOWS\System32\OpenSSH\;C:\Program Files\Git\cmd;C:\Program Files\nodejs\;C:\gradle-9.0.0\bin;C:\Program Files\PostgreSQL\18\bin;C:\Program Files\Docker\Docker\resources\bin;C:\Program Files (x86)\Microsoft SQL Server\160\Tools\Binn\;C:\Program Files\Microsoft SQL Server\160\Tools\Binn\;C:\Program Files\Microsoft SQL Server\Client SDK\ODBC\170\Tools\Binn\;C:\Program Files\Microsoft SQL Server\160\DTS\Binn\;C:\Program Files\Microsoft SQL Server\170\DTS\Binn\;C:\Program Files\MySQL\MySQL Shell 8.0\bin\;C:\Users\kuram\AppData\Local\Programs\Python\Launcher\;C:\Users\kuram\AppData\Local\Microsoft\WindowsApps;C:\Users\kuram\AppData\Local\Programs\Microsoft VS Code\bin;C:\Users\kuram\AppData\Roaming\npm;C:\Program Files\JetBrains\IntelliJ IDEA Community Edition 2025.2.1\bin
USERNAME=kuram
OS=Windows_NT
PROCESSOR_IDENTIFIER=Intel64 Family 6 Model 186 Stepping 3, GenuineIntel
TMP=C:\Users\kuram\AppData\Local\Temp
TEMP=C:\Users\kuram\AppData\Local\Temp




Periodic native trim disabled

---------------  S Y S T E M  ---------------

OS:
 Windows 11 , 64 bit Build 26100 (10.0.26100.6725)
OS uptime: 22 days 4:42 hours
Hyper-V role detected

CPU: total 12 (initial active 12) (6 cores per cpu, 2 threads per core) family 6 model 186 stepping 3 microcode 0x4121, cx8, cmov, fxsr, ht, mmx, 3dnowpref, sse, sse2, sse3, ssse3, sse4.1, sse4.2, popcnt, lzcnt, tsc, tscinvbit, avx, avx2, aes, erms, clmul, bmi1, bmi2, adx, sha, fma, vzeroupper, clflush, clflushopt, clwb, hv, serialize, rdtscp, rdpid, fsrm, f16c, cet_ibt, cet_ss
Processor Information for processor 0
  Max Mhz: 1300, Current Mhz: 1300, Mhz Limit: 1300
Processor Information for processor 1
  Max Mhz: 1300, Current Mhz: 1300, Mhz Limit: 1300
Processor Information for processor 2
  Max Mhz: 1300, Current Mhz: 1300, Mhz Limit: 1300
Processor Information for processor 3
  Max Mhz: 1300, Current Mhz: 1300, Mhz Limit: 1300
Processor Information for processor 4
  Max Mhz: 1300, Current Mhz: 900, Mhz Limit: 897
Processor Information for processor 5
  Max Mhz: 1300, Current Mhz: 900, Mhz Limit: 897
Processor Information for processor 6
  Max Mhz: 1300, Current Mhz: 900, Mhz Limit: 897
Processor Information for processor 7
  Max Mhz: 1300, Current Mhz: 900, Mhz Limit: 897
Processor Information for processor 8
  Max Mhz: 1300, Current Mhz: 900, Mhz Limit: 897
Processor Information for processor 9
  Max Mhz: 1300, Current Mhz: 900, Mhz Limit: 897
Processor Information for processor 10
  Max Mhz: 1300, Current Mhz: 900, Mhz Limit: 897
Processor Information for processor 11
  Max Mhz: 1300, Current Mhz: 900, Mhz Limit: 897

Memory: 4k page, system-wide physical 16027M (1015M free)
TotalPageFile size 38349M (AvailPageFile size 20M)
current process WorkingSet (physical memory assigned to process): 1359M, peak: 1397M
current process commit charge ("private bytes"): 1570M, peak: 1779M

vm_info: OpenJDK 64-Bit Server VM (21.0.9+10-LTS) for windows-amd64 JRE (21.0.9+10-LTS), built on 2025-10-21T00:00:00Z by "admin" with unknown MS VC++:1942

END.
